Forwarding request to: http://usermanagementc:8000/users/oauth_callback/
Request successful: http://usermanagementc:8000/users/oauth_callback/
Forwarding request to: http://usermanagementc:8000/users/create/
Request successful: http://usermanagementc:8000/users/create/
Forwarding request to: http://usermanagementc:8000/users/login/
Request successful: http://usermanagementc:8000/users/login/
Forwarding request to: http://usermanagementc:8000/users/login/
Request successful: http://usermanagementc:8000/users/login/
Forwarding request to: http://usermanagementc:8000/users/login/
Request successful: http://usermanagementc:8000/users/login/
Forwarding request to: http://usermanagementc:8000/users/create/
Request successful: http://usermanagementc:8000/users/create/
Forwarding request to: http://usermanagementc:8000/users/login/
Request successful: http://usermanagementc:8000/users/login/
Forwarding request to: http://usermanagementc:8000/users/login/
Request successful: http://usermanagementc:8000/users/login/
Forwarding request to: http://usermanagementc:8000/users/validate/
Request successful: http://usermanagementc:8000/users/validate/
User-ID: da5d72fb-4dad-4846-99bf-6c9e6c618821
Token: eyJhbGciOiJIUzI1NiIsInR5cCI6IkpXVCJ9.eyJ1c2VybmFtZSI6ImFlcmRvZ2EiLCJ1c2VyX2lkIjoiZGE1ZDcyZmItNGRhZC00ODQ2LTk5YmYtNmM5ZTZjNjE4ODIxIiwiaXNfMmZhX3ZhbGlkYXRlZCI6ZmFsc2UsImV4cCI6MTczMzA3NjUwMH0.PrxedlOtYGrDDu6301bhi4zaq_VxJA3FY5m_B0rEiMg
Decoded Token: {'username': 'aerdoga', 'user_id': 'da5d72fb-4dad-4846-99bf-6c9e6c618821', 'is_2fa_validated': False, 'exp': 1733076500}
********** Token is valid **********
Token is valid for user_id: da5d72fb-4dad-4846-99bf-6c9e6c618821
************************************
Forwarding request to: http://usermanagementc:8000/users/username/
Request successful: http://usermanagementc:8000/users/username/
User-ID: da5d72fb-4dad-4846-99bf-6c9e6c618821
Token: eyJhbGciOiJIUzI1NiIsInR5cCI6IkpXVCJ9.eyJ1c2VybmFtZSI6ImFlcmRvZ2EiLCJ1c2VyX2lkIjoiZGE1ZDcyZmItNGRhZC00ODQ2LTk5YmYtNmM5ZTZjNjE4ODIxIiwiaXNfMmZhX3ZhbGlkYXRlZCI6ZmFsc2UsImV4cCI6MTczMzA3NjUwMH0.PrxedlOtYGrDDu6301bhi4zaq_VxJA3FY5m_B0rEiMg
Decoded Token: {'username': 'aerdoga', 'user_id': 'da5d72fb-4dad-4846-99bf-6c9e6c618821', 'is_2fa_validated': False, 'exp': 1733076500}
********** Token is valid **********
Token is valid for user_id: da5d72fb-4dad-4846-99bf-6c9e6c618821
************************************
Forwarding request to: http://usermanagementc:8000/users/list/
Request successful: http://usermanagementc:8000/users/list/
User-ID: da5d72fb-4dad-4846-99bf-6c9e6c618821
Token: eyJhbGciOiJIUzI1NiIsInR5cCI6IkpXVCJ9.eyJ1c2VybmFtZSI6ImFlcmRvZ2EiLCJ1c2VyX2lkIjoiZGE1ZDcyZmItNGRhZC00ODQ2LTk5YmYtNmM5ZTZjNjE4ODIxIiwiaXNfMmZhX3ZhbGlkYXRlZCI6ZmFsc2UsImV4cCI6MTczMzA3NjUwMH0.PrxedlOtYGrDDu6301bhi4zaq_VxJA3FY5m_B0rEiMg
Decoded Token: {'username': 'aerdoga', 'user_id': 'da5d72fb-4dad-4846-99bf-6c9e6c618821', 'is_2fa_validated': False, 'exp': 1733076500}
********** Token is valid **********
Token is valid for user_id: da5d72fb-4dad-4846-99bf-6c9e6c618821
************************************
Forwarding request to: http://friend_service:8002/friend/friend-list/
Request successful: http://friend_service:8002/friend/friend-list/
User-ID: da5d72fb-4dad-4846-99bf-6c9e6c618821
Token: eyJhbGciOiJIUzI1NiIsInR5cCI6IkpXVCJ9.eyJ1c2VybmFtZSI6ImFlcmRvZ2EiLCJ1c2VyX2lkIjoiZGE1ZDcyZmItNGRhZC00ODQ2LTk5YmYtNmM5ZTZjNjE4ODIxIiwiaXNfMmZhX3ZhbGlkYXRlZCI6ZmFsc2UsImV4cCI6MTczMzA3NjUwMH0.PrxedlOtYGrDDu6301bhi4zaq_VxJA3FY5m_B0rEiMg
Decoded Token: {'username': 'aerdoga', 'user_id': 'da5d72fb-4dad-4846-99bf-6c9e6c618821', 'is_2fa_validated': False, 'exp': 1733076500}
********** Token is valid **********
Token is valid for user_id: da5d72fb-4dad-4846-99bf-6c9e6c618821
************************************
Forwarding request to: http://game_service:8001/game/list/
Request successful: http://game_service:8001/game/list/
User-ID: da5d72fb-4dad-4846-99bf-6c9e6c618821
Token: eyJhbGciOiJIUzI1NiIsInR5cCI6IkpXVCJ9.eyJ1c2VybmFtZSI6ImFlcmRvZ2EiLCJ1c2VyX2lkIjoiZGE1ZDcyZmItNGRhZC00ODQ2LTk5YmYtNmM5ZTZjNjE4ODIxIiwiaXNfMmZhX3ZhbGlkYXRlZCI6ZmFsc2UsImV4cCI6MTczMzA3NjUwMH0.PrxedlOtYGrDDu6301bhi4zaq_VxJA3FY5m_B0rEiMg
Decoded Token: {'username': 'aerdoga', 'user_id': 'da5d72fb-4dad-4846-99bf-6c9e6c618821', 'is_2fa_validated': False, 'exp': 1733076500}
********** Token is valid **********
Token is valid for user_id: da5d72fb-4dad-4846-99bf-6c9e6c618821
************************************
Forwarding request to: http://usermanagementc:8000/users/logout/
Request successful: http://usermanagementc:8000/users/logout/
User-ID: da5d72fb-4dad-4846-99bf-6c9e6c618821
Token: eyJhbGciOiJIUzI1NiIsInR5cCI6IkpXVCJ9.eyJ1c2VybmFtZSI6ImFlcmRvZ2EiLCJ1c2VyX2lkIjoiZGE1ZDcyZmItNGRhZC00ODQ2LTk5YmYtNmM5ZTZjNjE4ODIxIiwiaXNfMmZhX3ZhbGlkYXRlZCI6ZmFsc2UsImV4cCI6MTczMzA3NjUwMH0.PrxedlOtYGrDDu6301bhi4zaq_VxJA3FY5m_B0rEiMg
Decoded Token: {'username': 'aerdoga', 'user_id': 'da5d72fb-4dad-4846-99bf-6c9e6c618821', 'is_2fa_validated': False, 'exp': 1733076500}
********** Token is valid **********
Token is valid for user_id: da5d72fb-4dad-4846-99bf-6c9e6c618821
************************************
Forwarding request to: http://usermanagementc:8000/users/username/
Request successful: http://usermanagementc:8000/users/username/
User-ID: da5d72fb-4dad-4846-99bf-6c9e6c618821
Token: eyJhbGciOiJIUzI1NiIsInR5cCI6IkpXVCJ9.eyJ1c2VybmFtZSI6ImFlcmRvZ2EiLCJ1c2VyX2lkIjoiZGE1ZDcyZmItNGRhZC00ODQ2LTk5YmYtNmM5ZTZjNjE4ODIxIiwiaXNfMmZhX3ZhbGlkYXRlZCI6ZmFsc2UsImV4cCI6MTczMzA3NjUwMH0.PrxedlOtYGrDDu6301bhi4zaq_VxJA3FY5m_B0rEiMg
Decoded Token: {'username': 'aerdoga', 'user_id': 'da5d72fb-4dad-4846-99bf-6c9e6c618821', 'is_2fa_validated': False, 'exp': 1733076500}
********** Token is valid **********
Token is valid for user_id: da5d72fb-4dad-4846-99bf-6c9e6c618821
************************************
Forwarding request to: http://usermanagementc:8000/users/username/
Request successful: http://usermanagementc:8000/users/username/
User-ID: da5d72fb-4dad-4846-99bf-6c9e6c618821
Token: eyJhbGciOiJIUzI1NiIsInR5cCI6IkpXVCJ9.eyJ1c2VybmFtZSI6ImFlcmRvZ2EiLCJ1c2VyX2lkIjoiZGE1ZDcyZmItNGRhZC00ODQ2LTk5YmYtNmM5ZTZjNjE4ODIxIiwiaXNfMmZhX3ZhbGlkYXRlZCI6ZmFsc2UsImV4cCI6MTczMzA3NjUwMH0.PrxedlOtYGrDDu6301bhi4zaq_VxJA3FY5m_B0rEiMg
Decoded Token: {'username': 'aerdoga', 'user_id': 'da5d72fb-4dad-4846-99bf-6c9e6c618821', 'is_2fa_validated': False, 'exp': 1733076500}
********** Token is valid **********
Token is valid for user_id: da5d72fb-4dad-4846-99bf-6c9e6c618821
************************************
Forwarding request to: http://usermanagementc:8000/users/list/
Request successful: http://usermanagementc:8000/users/list/
User-ID: da5d72fb-4dad-4846-99bf-6c9e6c618821
Token: eyJhbGciOiJIUzI1NiIsInR5cCI6IkpXVCJ9.eyJ1c2VybmFtZSI6ImFlcmRvZ2EiLCJ1c2VyX2lkIjoiZGE1ZDcyZmItNGRhZC00ODQ2LTk5YmYtNmM5ZTZjNjE4ODIxIiwiaXNfMmZhX3ZhbGlkYXRlZCI6ZmFsc2UsImV4cCI6MTczMzA3NjUwMH0.PrxedlOtYGrDDu6301bhi4zaq_VxJA3FY5m_B0rEiMg
Decoded Token: {'username': 'aerdoga', 'user_id': 'da5d72fb-4dad-4846-99bf-6c9e6c618821', 'is_2fa_validated': False, 'exp': 1733076500}
********** Token is valid **********
Token is valid for user_id: da5d72fb-4dad-4846-99bf-6c9e6c618821
************************************
Forwarding request to: http://friend_service:8002/friend/friend-list/
Request successful: http://friend_service:8002/friend/friend-list/
User-ID: da5d72fb-4dad-4846-99bf-6c9e6c618821
Token: eyJhbGciOiJIUzI1NiIsInR5cCI6IkpXVCJ9.eyJ1c2VybmFtZSI6ImFlcmRvZ2EiLCJ1c2VyX2lkIjoiZGE1ZDcyZmItNGRhZC00ODQ2LTk5YmYtNmM5ZTZjNjE4ODIxIiwiaXNfMmZhX3ZhbGlkYXRlZCI6ZmFsc2UsImV4cCI6MTczMzA3NjUwMH0.PrxedlOtYGrDDu6301bhi4zaq_VxJA3FY5m_B0rEiMg
Decoded Token: {'username': 'aerdoga', 'user_id': 'da5d72fb-4dad-4846-99bf-6c9e6c618821', 'is_2fa_validated': False, 'exp': 1733076500}
********** Token is valid **********
Token is valid for user_id: da5d72fb-4dad-4846-99bf-6c9e6c618821
************************************
Forwarding request to: http://game_service:8001/game/list/
Request successful: http://game_service:8001/game/list/
User-ID: da5d72fb-4dad-4846-99bf-6c9e6c618821
Token: eyJhbGciOiJIUzI1NiIsInR5cCI6IkpXVCJ9.eyJ1c2VybmFtZSI6ImFlcmRvZ2EiLCJ1c2VyX2lkIjoiZGE1ZDcyZmItNGRhZC00ODQ2LTk5YmYtNmM5ZTZjNjE4ODIxIiwiaXNfMmZhX3ZhbGlkYXRlZCI6ZmFsc2UsImV4cCI6MTczMzA3NjUwMH0.PrxedlOtYGrDDu6301bhi4zaq_VxJA3FY5m_B0rEiMg
Decoded Token: {'username': 'aerdoga', 'user_id': 'da5d72fb-4dad-4846-99bf-6c9e6c618821', 'is_2fa_validated': False, 'exp': 1733076500}
********** Token is valid **********
Token is valid for user_id: da5d72fb-4dad-4846-99bf-6c9e6c618821
************************************
Forwarding request to: http://usermanagementc:8000/users/beonline/
Request successful: http://usermanagementc:8000/users/beonline/
User-ID: da5d72fb-4dad-4846-99bf-6c9e6c618821
User-ID: da5d72fb-4dad-4846-99bf-6c9e6c618821
Token: eyJhbGciOiJIUzI1NiIsInR5cCI6IkpXVCJ9.eyJ1c2VybmFtZSI6ImFlcmRvZ2EiLCJ1c2VyX2lkIjoiZGE1ZDcyZmItNGRhZC00ODQ2LTk5YmYtNmM5ZTZjNjE4ODIxIiwiaXNfMmZhX3ZhbGlkYXRlZCI6ZmFsc2UsImV4cCI6MTczMzA3NjUwMH0.PrxedlOtYGrDDu6301bhi4zaq_VxJA3FY5m_B0rEiMg
Token: eyJhbGciOiJIUzI1NiIsInR5cCI6IkpXVCJ9.eyJ1c2VybmFtZSI6ImFlcmRvZ2EiLCJ1c2VyX2lkIjoiZGE1ZDcyZmItNGRhZC00ODQ2LTk5YmYtNmM5ZTZjNjE4ODIxIiwiaXNfMmZhX3ZhbGlkYXRlZCI6ZmFsc2UsImV4cCI6MTczMzA3NjUwMH0.PrxedlOtYGrDDu6301bhi4zaq_VxJA3FY5m_B0rEiMg
Decoded Token: {'username': 'aerdoga', 'user_id': 'da5d72fb-4dad-4846-99bf-6c9e6c618821', 'is_2fa_validated': False, 'exp': 1733076500}
Decoded Token: {'username': 'aerdoga', 'user_id': 'da5d72fb-4dad-4846-99bf-6c9e6c618821', 'is_2fa_validated': False, 'exp': 1733076500}
********** Token is valid **********
********** Token is valid **********
Token is valid for user_id: da5d72fb-4dad-4846-99bf-6c9e6c618821
Token is valid for user_id: da5d72fb-4dad-4846-99bf-6c9e6c618821
************************************
************************************
Forwarding request to: http://game_service:8001/game/save/
Forwarding request to: http://usermanagementc:8000/users/check_username/
Request successful: http://usermanagementc:8000/users/check_username/
Request successful: http://game_service:8001/game/save/
User-ID: da5d72fb-4dad-4846-99bf-6c9e6c618821
Token: eyJhbGciOiJIUzI1NiIsInR5cCI6IkpXVCJ9.eyJ1c2VybmFtZSI6ImFlcmRvZ2EiLCJ1c2VyX2lkIjoiZGE1ZDcyZmItNGRhZC00ODQ2LTk5YmYtNmM5ZTZjNjE4ODIxIiwiaXNfMmZhX3ZhbGlkYXRlZCI6ZmFsc2UsImV4cCI6MTczMzA3NjUwMH0.PrxedlOtYGrDDu6301bhi4zaq_VxJA3FY5m_B0rEiMg
Decoded Token: {'username': 'aerdoga', 'user_id': 'da5d72fb-4dad-4846-99bf-6c9e6c618821', 'is_2fa_validated': False, 'exp': 1733076500}
********** Token is valid **********
Token is valid for user_id: da5d72fb-4dad-4846-99bf-6c9e6c618821
************************************
Forwarding request to: http://usermanagementc:8000/users/username/
Request successful: http://usermanagementc:8000/users/username/
User-ID: da5d72fb-4dad-4846-99bf-6c9e6c618821
Token: eyJhbGciOiJIUzI1NiIsInR5cCI6IkpXVCJ9.eyJ1c2VybmFtZSI6ImFlcmRvZ2EiLCJ1c2VyX2lkIjoiZGE1ZDcyZmItNGRhZC00ODQ2LTk5YmYtNmM5ZTZjNjE4ODIxIiwiaXNfMmZhX3ZhbGlkYXRlZCI6ZmFsc2UsImV4cCI6MTczMzA3NjUwMH0.PrxedlOtYGrDDu6301bhi4zaq_VxJA3FY5m_B0rEiMg
Decoded Token: {'username': 'aerdoga', 'user_id': 'da5d72fb-4dad-4846-99bf-6c9e6c618821', 'is_2fa_validated': False, 'exp': 1733076500}
********** Token is valid **********
Token is valid for user_id: da5d72fb-4dad-4846-99bf-6c9e6c618821
************************************
Forwarding request to: http://usermanagementc:8000/users/list/
Request successful: http://usermanagementc:8000/users/list/
User-ID: da5d72fb-4dad-4846-99bf-6c9e6c618821
Token: eyJhbGciOiJIUzI1NiIsInR5cCI6IkpXVCJ9.eyJ1c2VybmFtZSI6ImFlcmRvZ2EiLCJ1c2VyX2lkIjoiZGE1ZDcyZmItNGRhZC00ODQ2LTk5YmYtNmM5ZTZjNjE4ODIxIiwiaXNfMmZhX3ZhbGlkYXRlZCI6ZmFsc2UsImV4cCI6MTczMzA3NjUwMH0.PrxedlOtYGrDDu6301bhi4zaq_VxJA3FY5m_B0rEiMg
Decoded Token: {'username': 'aerdoga', 'user_id': 'da5d72fb-4dad-4846-99bf-6c9e6c618821', 'is_2fa_validated': False, 'exp': 1733076500}
********** Token is valid **********
Token is valid for user_id: da5d72fb-4dad-4846-99bf-6c9e6c618821
************************************
Forwarding request to: http://friend_service:8002/friend/friend-list/
Request successful: http://friend_service:8002/friend/friend-list/
User-ID: da5d72fb-4dad-4846-99bf-6c9e6c618821
Token: eyJhbGciOiJIUzI1NiIsInR5cCI6IkpXVCJ9.eyJ1c2VybmFtZSI6ImFlcmRvZ2EiLCJ1c2VyX2lkIjoiZGE1ZDcyZmItNGRhZC00ODQ2LTk5YmYtNmM5ZTZjNjE4ODIxIiwiaXNfMmZhX3ZhbGlkYXRlZCI6ZmFsc2UsImV4cCI6MTczMzA3NjUwMH0.PrxedlOtYGrDDu6301bhi4zaq_VxJA3FY5m_B0rEiMg
Decoded Token: {'username': 'aerdoga', 'user_id': 'da5d72fb-4dad-4846-99bf-6c9e6c618821', 'is_2fa_validated': False, 'exp': 1733076500}
********** Token is valid **********
Token is valid for user_id: da5d72fb-4dad-4846-99bf-6c9e6c618821
************************************
Forwarding request to: http://game_service:8001/game/list/
Request successful: http://game_service:8001/game/list/
User-ID: da5d72fb-4dad-4846-99bf-6c9e6c618821
Token: eyJhbGciOiJIUzI1NiIsInR5cCI6IkpXVCJ9.eyJ1c2VybmFtZSI6ImFlcmRvZ2EiLCJ1c2VyX2lkIjoiZGE1ZDcyZmItNGRhZC00ODQ2LTk5YmYtNmM5ZTZjNjE4ODIxIiwiaXNfMmZhX3ZhbGlkYXRlZCI6ZmFsc2UsImV4cCI6MTczMzA3NjUwMH0.PrxedlOtYGrDDu6301bhi4zaq_VxJA3FY5m_B0rEiMg
Decoded Token: {'username': 'aerdoga', 'user_id': 'da5d72fb-4dad-4846-99bf-6c9e6c618821', 'is_2fa_validated': False, 'exp': 1733076500}
********** Token is valid **********
Token is valid for user_id: da5d72fb-4dad-4846-99bf-6c9e6c618821
************************************
Forwarding request to: http://usermanagementc:8000/users/username/
Request successful: http://usermanagementc:8000/users/username/
User-ID: da5d72fb-4dad-4846-99bf-6c9e6c618821
Token: eyJhbGciOiJIUzI1NiIsInR5cCI6IkpXVCJ9.eyJ1c2VybmFtZSI6ImFlcmRvZ2EiLCJ1c2VyX2lkIjoiZGE1ZDcyZmItNGRhZC00ODQ2LTk5YmYtNmM5ZTZjNjE4ODIxIiwiaXNfMmZhX3ZhbGlkYXRlZCI6ZmFsc2UsImV4cCI6MTczMzA3NjUwMH0.PrxedlOtYGrDDu6301bhi4zaq_VxJA3FY5m_B0rEiMg
Decoded Token: {'username': 'aerdoga', 'user_id': 'da5d72fb-4dad-4846-99bf-6c9e6c618821', 'is_2fa_validated': False, 'exp': 1733076500}
********** Token is valid **********
Token is valid for user_id: da5d72fb-4dad-4846-99bf-6c9e6c618821
************************************
Forwarding request to: http://usermanagementc:8000/users/list/
Request successful: http://usermanagementc:8000/users/list/
User-ID: da5d72fb-4dad-4846-99bf-6c9e6c618821
Token: eyJhbGciOiJIUzI1NiIsInR5cCI6IkpXVCJ9.eyJ1c2VybmFtZSI6ImFlcmRvZ2EiLCJ1c2VyX2lkIjoiZGE1ZDcyZmItNGRhZC00ODQ2LTk5YmYtNmM5ZTZjNjE4ODIxIiwiaXNfMmZhX3ZhbGlkYXRlZCI6ZmFsc2UsImV4cCI6MTczMzA3NjUwMH0.PrxedlOtYGrDDu6301bhi4zaq_VxJA3FY5m_B0rEiMg
Decoded Token: {'username': 'aerdoga', 'user_id': 'da5d72fb-4dad-4846-99bf-6c9e6c618821', 'is_2fa_validated': False, 'exp': 1733076500}
********** Token is valid **********
Token is valid for user_id: da5d72fb-4dad-4846-99bf-6c9e6c618821
************************************
Forwarding request to: http://friend_service:8002/friend/friend-list/
Request successful: http://friend_service:8002/friend/friend-list/
User-ID: da5d72fb-4dad-4846-99bf-6c9e6c618821
Token: eyJhbGciOiJIUzI1NiIsInR5cCI6IkpXVCJ9.eyJ1c2VybmFtZSI6ImFlcmRvZ2EiLCJ1c2VyX2lkIjoiZGE1ZDcyZmItNGRhZC00ODQ2LTk5YmYtNmM5ZTZjNjE4ODIxIiwiaXNfMmZhX3ZhbGlkYXRlZCI6ZmFsc2UsImV4cCI6MTczMzA3NjUwMH0.PrxedlOtYGrDDu6301bhi4zaq_VxJA3FY5m_B0rEiMg
Decoded Token: {'username': 'aerdoga', 'user_id': 'da5d72fb-4dad-4846-99bf-6c9e6c618821', 'is_2fa_validated': False, 'exp': 1733076500}
********** Token is valid **********
Token is valid for user_id: da5d72fb-4dad-4846-99bf-6c9e6c618821
************************************
Forwarding request to: http://game_service:8001/game/list/
Request successful: http://game_service:8001/game/list/
User-ID: da5d72fb-4dad-4846-99bf-6c9e6c618821
Token: eyJhbGciOiJIUzI1NiIsInR5cCI6IkpXVCJ9.eyJ1c2VybmFtZSI6ImFlcmRvZ2EiLCJ1c2VyX2lkIjoiZGE1ZDcyZmItNGRhZC00ODQ2LTk5YmYtNmM5ZTZjNjE4ODIxIiwiaXNfMmZhX3ZhbGlkYXRlZCI6ZmFsc2UsImV4cCI6MTczMzA3NjUwMH0.PrxedlOtYGrDDu6301bhi4zaq_VxJA3FY5m_B0rEiMg
Decoded Token: {'username': 'aerdoga', 'user_id': 'da5d72fb-4dad-4846-99bf-6c9e6c618821', 'is_2fa_validated': False, 'exp': 1733076500}
********** Token is valid **********
Token is valid for user_id: da5d72fb-4dad-4846-99bf-6c9e6c618821
************************************
Forwarding request to: http://usermanagementc:8000/users/username/
Request successful: http://usermanagementc:8000/users/username/
User-ID: da5d72fb-4dad-4846-99bf-6c9e6c618821
Token: eyJhbGciOiJIUzI1NiIsInR5cCI6IkpXVCJ9.eyJ1c2VybmFtZSI6ImFlcmRvZ2EiLCJ1c2VyX2lkIjoiZGE1ZDcyZmItNGRhZC00ODQ2LTk5YmYtNmM5ZTZjNjE4ODIxIiwiaXNfMmZhX3ZhbGlkYXRlZCI6ZmFsc2UsImV4cCI6MTczMzA3NjUwMH0.PrxedlOtYGrDDu6301bhi4zaq_VxJA3FY5m_B0rEiMg
Decoded Token: {'username': 'aerdoga', 'user_id': 'da5d72fb-4dad-4846-99bf-6c9e6c618821', 'is_2fa_validated': False, 'exp': 1733076500}
********** Token is valid **********
Token is valid for user_id: da5d72fb-4dad-4846-99bf-6c9e6c618821
************************************
Forwarding request to: http://usermanagementc:8000/users/list/
Request successful: http://usermanagementc:8000/users/list/
User-ID: da5d72fb-4dad-4846-99bf-6c9e6c618821
Token: eyJhbGciOiJIUzI1NiIsInR5cCI6IkpXVCJ9.eyJ1c2VybmFtZSI6ImFlcmRvZ2EiLCJ1c2VyX2lkIjoiZGE1ZDcyZmItNGRhZC00ODQ2LTk5YmYtNmM5ZTZjNjE4ODIxIiwiaXNfMmZhX3ZhbGlkYXRlZCI6ZmFsc2UsImV4cCI6MTczMzA3NjUwMH0.PrxedlOtYGrDDu6301bhi4zaq_VxJA3FY5m_B0rEiMg
Decoded Token: {'username': 'aerdoga', 'user_id': 'da5d72fb-4dad-4846-99bf-6c9e6c618821', 'is_2fa_validated': False, 'exp': 1733076500}
********** Token is valid **********
Token is valid for user_id: da5d72fb-4dad-4846-99bf-6c9e6c618821
************************************
Forwarding request to: http://friend_service:8002/friend/friend-list/
Request successful: http://friend_service:8002/friend/friend-list/
User-ID: da5d72fb-4dad-4846-99bf-6c9e6c618821
Token: eyJhbGciOiJIUzI1NiIsInR5cCI6IkpXVCJ9.eyJ1c2VybmFtZSI6ImFlcmRvZ2EiLCJ1c2VyX2lkIjoiZGE1ZDcyZmItNGRhZC00ODQ2LTk5YmYtNmM5ZTZjNjE4ODIxIiwiaXNfMmZhX3ZhbGlkYXRlZCI6ZmFsc2UsImV4cCI6MTczMzA3NjUwMH0.PrxedlOtYGrDDu6301bhi4zaq_VxJA3FY5m_B0rEiMg
Decoded Token: {'username': 'aerdoga', 'user_id': 'da5d72fb-4dad-4846-99bf-6c9e6c618821', 'is_2fa_validated': False, 'exp': 1733076500}
********** Token is valid **********
Token is valid for user_id: da5d72fb-4dad-4846-99bf-6c9e6c618821
************************************
Forwarding request to: http://game_service:8001/game/list/
Request successful: http://game_service:8001/game/list/
User-ID: da5d72fb-4dad-4846-99bf-6c9e6c618821
Token: eyJhbGciOiJIUzI1NiIsInR5cCI6IkpXVCJ9.eyJ1c2VybmFtZSI6ImFlcmRvZ2EiLCJ1c2VyX2lkIjoiZGE1ZDcyZmItNGRhZC00ODQ2LTk5YmYtNmM5ZTZjNjE4ODIxIiwiaXNfMmZhX3ZhbGlkYXRlZCI6ZmFsc2UsImV4cCI6MTczMzA3NjUwMH0.PrxedlOtYGrDDu6301bhi4zaq_VxJA3FY5m_B0rEiMg
Decoded Token: {'username': 'aerdoga', 'user_id': 'da5d72fb-4dad-4846-99bf-6c9e6c618821', 'is_2fa_validated': False, 'exp': 1733076500}
********** Token is valid **********
Token is valid for user_id: da5d72fb-4dad-4846-99bf-6c9e6c618821
************************************
User-ID: da5d72fb-4dad-4846-99bf-6c9e6c618821
User-ID: da5d72fb-4dad-4846-99bf-6c9e6c618821
Forwarding request to: http://game_service:8001/game/save/
Token: eyJhbGciOiJIUzI1NiIsInR5cCI6IkpXVCJ9.eyJ1c2VybmFtZSI6ImFlcmRvZ2EiLCJ1c2VyX2lkIjoiZGE1ZDcyZmItNGRhZC00ODQ2LTk5YmYtNmM5ZTZjNjE4ODIxIiwiaXNfMmZhX3ZhbGlkYXRlZCI6ZmFsc2UsImV4cCI6MTczMzA3NjUwMH0.PrxedlOtYGrDDu6301bhi4zaq_VxJA3FY5m_B0rEiMg
Token: eyJhbGciOiJIUzI1NiIsInR5cCI6IkpXVCJ9.eyJ1c2VybmFtZSI6ImFlcmRvZ2EiLCJ1c2VyX2lkIjoiZGE1ZDcyZmItNGRhZC00ODQ2LTk5YmYtNmM5ZTZjNjE4ODIxIiwiaXNfMmZhX3ZhbGlkYXRlZCI6ZmFsc2UsImV4cCI6MTczMzA3NjUwMH0.PrxedlOtYGrDDu6301bhi4zaq_VxJA3FY5m_B0rEiMg
Decoded Token: {'username': 'aerdoga', 'user_id': 'da5d72fb-4dad-4846-99bf-6c9e6c618821', 'is_2fa_validated': False, 'exp': 1733076500}
Decoded Token: {'username': 'aerdoga', 'user_id': 'da5d72fb-4dad-4846-99bf-6c9e6c618821', 'is_2fa_validated': False, 'exp': 1733076500}
********** Token is valid **********
********** Token is valid **********
Token is valid for user_id: da5d72fb-4dad-4846-99bf-6c9e6c618821
Token is valid for user_id: da5d72fb-4dad-4846-99bf-6c9e6c618821
************************************
************************************
Forwarding request to: http://usermanagementc:8000/users/check_username/
Forwarding request to: http://usermanagementc:8000/users/check_username/
Request successful: http://game_service:8001/game/save/
Request successful: http://usermanagementc:8000/users/check_username/
Request successful: http://usermanagementc:8000/users/check_username/
User-ID: da5d72fb-4dad-4846-99bf-6c9e6c618821
User-ID: da5d72fb-4dad-4846-99bf-6c9e6c618821
Token: eyJhbGciOiJIUzI1NiIsInR5cCI6IkpXVCJ9.eyJ1c2VybmFtZSI6ImFlcmRvZ2EiLCJ1c2VyX2lkIjoiZGE1ZDcyZmItNGRhZC00ODQ2LTk5YmYtNmM5ZTZjNjE4ODIxIiwiaXNfMmZhX3ZhbGlkYXRlZCI6ZmFsc2UsImV4cCI6MTczMzA3NjUwMH0.PrxedlOtYGrDDu6301bhi4zaq_VxJA3FY5m_B0rEiMg
User-ID: da5d72fb-4dad-4846-99bf-6c9e6c618821
Token: eyJhbGciOiJIUzI1NiIsInR5cCI6IkpXVCJ9.eyJ1c2VybmFtZSI6ImFlcmRvZ2EiLCJ1c2VyX2lkIjoiZGE1ZDcyZmItNGRhZC00ODQ2LTk5YmYtNmM5ZTZjNjE4ODIxIiwiaXNfMmZhX3ZhbGlkYXRlZCI6ZmFsc2UsImV4cCI6MTczMzA3NjUwMH0.PrxedlOtYGrDDu6301bhi4zaq_VxJA3FY5m_B0rEiMg
Decoded Token: {'username': 'aerdoga', 'user_id': 'da5d72fb-4dad-4846-99bf-6c9e6c618821', 'is_2fa_validated': False, 'exp': 1733076500}
Token: eyJhbGciOiJIUzI1NiIsInR5cCI6IkpXVCJ9.eyJ1c2VybmFtZSI6ImFlcmRvZ2EiLCJ1c2VyX2lkIjoiZGE1ZDcyZmItNGRhZC00ODQ2LTk5YmYtNmM5ZTZjNjE4ODIxIiwiaXNfMmZhX3ZhbGlkYXRlZCI6ZmFsc2UsImV4cCI6MTczMzA3NjUwMH0.PrxedlOtYGrDDu6301bhi4zaq_VxJA3FY5m_B0rEiMg
Decoded Token: {'username': 'aerdoga', 'user_id': 'da5d72fb-4dad-4846-99bf-6c9e6c618821', 'is_2fa_validated': False, 'exp': 1733076500}
********** Token is valid **********
Decoded Token: {'username': 'aerdoga', 'user_id': 'da5d72fb-4dad-4846-99bf-6c9e6c618821', 'is_2fa_validated': False, 'exp': 1733076500}
********** Token is valid **********
Token is valid for user_id: da5d72fb-4dad-4846-99bf-6c9e6c618821
********** Token is valid **********
Token is valid for user_id: da5d72fb-4dad-4846-99bf-6c9e6c618821
************************************
Token is valid for user_id: da5d72fb-4dad-4846-99bf-6c9e6c618821
************************************
Forwarding request to: http://game_service:8001/game/save/
************************************
Forwarding request to: http://usermanagementc:8000/users/check_username/
Forwarding request to: http://usermanagementc:8000/users/check_username/
Request successful: http://game_service:8001/game/save/
Request successful: http://usermanagementc:8000/users/check_username/
Request successful: http://usermanagementc:8000/users/check_username/
User-ID: da5d72fb-4dad-4846-99bf-6c9e6c618821
User-ID: da5d72fb-4dad-4846-99bf-6c9e6c618821
User-ID: da5d72fb-4dad-4846-99bf-6c9e6c618821
Token: eyJhbGciOiJIUzI1NiIsInR5cCI6IkpXVCJ9.eyJ1c2VybmFtZSI6ImFlcmRvZ2EiLCJ1c2VyX2lkIjoiZGE1ZDcyZmItNGRhZC00ODQ2LTk5YmYtNmM5ZTZjNjE4ODIxIiwiaXNfMmZhX3ZhbGlkYXRlZCI6ZmFsc2UsImV4cCI6MTczMzA3NjUwMH0.PrxedlOtYGrDDu6301bhi4zaq_VxJA3FY5m_B0rEiMg
Token: eyJhbGciOiJIUzI1NiIsInR5cCI6IkpXVCJ9.eyJ1c2VybmFtZSI6ImFlcmRvZ2EiLCJ1c2VyX2lkIjoiZGE1ZDcyZmItNGRhZC00ODQ2LTk5YmYtNmM5ZTZjNjE4ODIxIiwiaXNfMmZhX3ZhbGlkYXRlZCI6ZmFsc2UsImV4cCI6MTczMzA3NjUwMH0.PrxedlOtYGrDDu6301bhi4zaq_VxJA3FY5m_B0rEiMg
Token: eyJhbGciOiJIUzI1NiIsInR5cCI6IkpXVCJ9.eyJ1c2VybmFtZSI6ImFlcmRvZ2EiLCJ1c2VyX2lkIjoiZGE1ZDcyZmItNGRhZC00ODQ2LTk5YmYtNmM5ZTZjNjE4ODIxIiwiaXNfMmZhX3ZhbGlkYXRlZCI6ZmFsc2UsImV4cCI6MTczMzA3NjUwMH0.PrxedlOtYGrDDu6301bhi4zaq_VxJA3FY5m_B0rEiMg
Decoded Token: {'username': 'aerdoga', 'user_id': 'da5d72fb-4dad-4846-99bf-6c9e6c618821', 'is_2fa_validated': False, 'exp': 1733076500}
Decoded Token: {'username': 'aerdoga', 'user_id': 'da5d72fb-4dad-4846-99bf-6c9e6c618821', 'is_2fa_validated': False, 'exp': 1733076500}
Decoded Token: {'username': 'aerdoga', 'user_id': 'da5d72fb-4dad-4846-99bf-6c9e6c618821', 'is_2fa_validated': False, 'exp': 1733076500}
********** Token is valid **********
********** Token is valid **********
********** Token is valid **********
Token is valid for user_id: da5d72fb-4dad-4846-99bf-6c9e6c618821
Token is valid for user_id: da5d72fb-4dad-4846-99bf-6c9e6c618821
Token is valid for user_id: da5d72fb-4dad-4846-99bf-6c9e6c618821
************************************
************************************
************************************
Forwarding request to: http://usermanagementc:8000/users/check_username/
Forwarding request to: http://usermanagementc:8000/users/check_username/
Forwarding request to: http://game_service:8001/game/save/
Request successful: http://game_service:8001/game/save/
Request successful: http://usermanagementc:8000/users/check_username/
Request successful: http://usermanagementc:8000/users/check_username/
User-ID: da5d72fb-4dad-4846-99bf-6c9e6c618821
Token: eyJhbGciOiJIUzI1NiIsInR5cCI6IkpXVCJ9.eyJ1c2VybmFtZSI6ImFlcmRvZ2EiLCJ1c2VyX2lkIjoiZGE1ZDcyZmItNGRhZC00ODQ2LTk5YmYtNmM5ZTZjNjE4ODIxIiwiaXNfMmZhX3ZhbGlkYXRlZCI6ZmFsc2UsImV4cCI6MTczMzA3NjUwMH0.PrxedlOtYGrDDu6301bhi4zaq_VxJA3FY5m_B0rEiMg
Decoded Token: {'username': 'aerdoga', 'user_id': 'da5d72fb-4dad-4846-99bf-6c9e6c618821', 'is_2fa_validated': False, 'exp': 1733076500}
********** Token is valid **********
Token is valid for user_id: da5d72fb-4dad-4846-99bf-6c9e6c618821
************************************
Forwarding request to: http://usermanagementc:8000/users/username/
Request successful: http://usermanagementc:8000/users/username/
User-ID: da5d72fb-4dad-4846-99bf-6c9e6c618821
Token: eyJhbGciOiJIUzI1NiIsInR5cCI6IkpXVCJ9.eyJ1c2VybmFtZSI6ImFlcmRvZ2EiLCJ1c2VyX2lkIjoiZGE1ZDcyZmItNGRhZC00ODQ2LTk5YmYtNmM5ZTZjNjE4ODIxIiwiaXNfMmZhX3ZhbGlkYXRlZCI6ZmFsc2UsImV4cCI6MTczMzA3NjUwMH0.PrxedlOtYGrDDu6301bhi4zaq_VxJA3FY5m_B0rEiMg
Decoded Token: {'username': 'aerdoga', 'user_id': 'da5d72fb-4dad-4846-99bf-6c9e6c618821', 'is_2fa_validated': False, 'exp': 1733076500}
********** Token is valid **********
Token is valid for user_id: da5d72fb-4dad-4846-99bf-6c9e6c618821
************************************
Forwarding request to: http://usermanagementc:8000/users/list/
Request successful: http://usermanagementc:8000/users/list/
User-ID: da5d72fb-4dad-4846-99bf-6c9e6c618821
Token: eyJhbGciOiJIUzI1NiIsInR5cCI6IkpXVCJ9.eyJ1c2VybmFtZSI6ImFlcmRvZ2EiLCJ1c2VyX2lkIjoiZGE1ZDcyZmItNGRhZC00ODQ2LTk5YmYtNmM5ZTZjNjE4ODIxIiwiaXNfMmZhX3ZhbGlkYXRlZCI6ZmFsc2UsImV4cCI6MTczMzA3NjUwMH0.PrxedlOtYGrDDu6301bhi4zaq_VxJA3FY5m_B0rEiMg
Decoded Token: {'username': 'aerdoga', 'user_id': 'da5d72fb-4dad-4846-99bf-6c9e6c618821', 'is_2fa_validated': False, 'exp': 1733076500}
********** Token is valid **********
Token is valid for user_id: da5d72fb-4dad-4846-99bf-6c9e6c618821
************************************
Forwarding request to: http://friend_service:8002/friend/friend-list/
Request successful: http://friend_service:8002/friend/friend-list/
User-ID: da5d72fb-4dad-4846-99bf-6c9e6c618821
Token: eyJhbGciOiJIUzI1NiIsInR5cCI6IkpXVCJ9.eyJ1c2VybmFtZSI6ImFlcmRvZ2EiLCJ1c2VyX2lkIjoiZGE1ZDcyZmItNGRhZC00ODQ2LTk5YmYtNmM5ZTZjNjE4ODIxIiwiaXNfMmZhX3ZhbGlkYXRlZCI6ZmFsc2UsImV4cCI6MTczMzA3NjUwMH0.PrxedlOtYGrDDu6301bhi4zaq_VxJA3FY5m_B0rEiMg
Decoded Token: {'username': 'aerdoga', 'user_id': 'da5d72fb-4dad-4846-99bf-6c9e6c618821', 'is_2fa_validated': False, 'exp': 1733076500}
********** Token is valid **********
Token is valid for user_id: da5d72fb-4dad-4846-99bf-6c9e6c618821
************************************
Forwarding request to: http://game_service:8001/game/list/
Request successful: http://game_service:8001/game/list/
User-ID: da5d72fb-4dad-4846-99bf-6c9e6c618821
Token: eyJhbGciOiJIUzI1NiIsInR5cCI6IkpXVCJ9.eyJ1c2VybmFtZSI6ImFlcmRvZ2EiLCJ1c2VyX2lkIjoiZGE1ZDcyZmItNGRhZC00ODQ2LTk5YmYtNmM5ZTZjNjE4ODIxIiwiaXNfMmZhX3ZhbGlkYXRlZCI6ZmFsc2UsImV4cCI6MTczMzA3NjUwMH0.PrxedlOtYGrDDu6301bhi4zaq_VxJA3FY5m_B0rEiMg
Decoded Token: {'username': 'aerdoga', 'user_id': 'da5d72fb-4dad-4846-99bf-6c9e6c618821', 'is_2fa_validated': False, 'exp': 1733076500}
********** Token is valid **********
Token is valid for user_id: da5d72fb-4dad-4846-99bf-6c9e6c618821
************************************
Forwarding request to: http://usermanagementc:8000/users/update/
Request successful: http://usermanagementc:8000/users/update/
Forwarding request to: http://usermanagementc:8000/users/oauth_callback/
Request successful: http://usermanagementc:8000/users/oauth_callback/
Forwarding request to: http://usermanagementc:8000/users/oauth_callback/
Request successful: http://usermanagementc:8000/users/oauth_callback/
Forwarding request to: http://usermanagementc:8000/users/oauth_callback/
Request successful: http://usermanagementc:8000/users/oauth_callback/
Forwarding request to: http://usermanagementc:8000/users/oauth_callback/
Request successful: http://usermanagementc:8000/users/oauth_callback/
Forwarding request to: http://usermanagementc:8000/users/oauth_callback/
Request successful: http://usermanagementc:8000/users/oauth_callback/
User-ID: da5d72fb-4dad-4846-99bf-6c9e6c618821
Token: eyJhbGciOiJIUzI1NiIsInR5cCI6IkpXVCJ9.eyJ1c2VybmFtZSI6ImFlcmRvZ2EzMTIiLCJ1c2VyX2lkIjoiZGE1ZDcyZmItNGRhZC00ODQ2LTk5YmYtNmM5ZTZjNjE4ODIxIiwiZXhwIjoxNzMzMDc2NjM3fQ.KU1xO8tB-sttEU5edyC7kdeDaI8TFl1YnMRMs2vupis
Decoded Token: {'username': 'aerdoga312', 'user_id': 'da5d72fb-4dad-4846-99bf-6c9e6c618821', 'exp': 1733076637}
********** Token is valid **********
Token is valid for user_id: da5d72fb-4dad-4846-99bf-6c9e6c618821
************************************
Forwarding request to: http://usermanagementc:8000/users/logout/
Request successful: http://usermanagementc:8000/users/logout/
User-ID: da5d72fb-4dad-4846-99bf-6c9e6c618821
Token: eyJhbGciOiJIUzI1NiIsInR5cCI6IkpXVCJ9.eyJ1c2VybmFtZSI6ImFlcmRvZ2EzMTIiLCJ1c2VyX2lkIjoiZGE1ZDcyZmItNGRhZC00ODQ2LTk5YmYtNmM5ZTZjNjE4ODIxIiwiZXhwIjoxNzMzMDc2NjM3fQ.KU1xO8tB-sttEU5edyC7kdeDaI8TFl1YnMRMs2vupis
Decoded Token: {'username': 'aerdoga312', 'user_id': 'da5d72fb-4dad-4846-99bf-6c9e6c618821', 'exp': 1733076637}
********** Token is valid **********
Token is valid for user_id: da5d72fb-4dad-4846-99bf-6c9e6c618821
************************************
Forwarding request to: http://usermanagementc:8000/users/username/
Request successful: http://usermanagementc:8000/users/username/
User-ID: da5d72fb-4dad-4846-99bf-6c9e6c618821
Token: eyJhbGciOiJIUzI1NiIsInR5cCI6IkpXVCJ9.eyJ1c2VybmFtZSI6ImFlcmRvZ2EzMTIiLCJ1c2VyX2lkIjoiZGE1ZDcyZmItNGRhZC00ODQ2LTk5YmYtNmM5ZTZjNjE4ODIxIiwiZXhwIjoxNzMzMDc2NjM3fQ.KU1xO8tB-sttEU5edyC7kdeDaI8TFl1YnMRMs2vupis
Decoded Token: {'username': 'aerdoga312', 'user_id': 'da5d72fb-4dad-4846-99bf-6c9e6c618821', 'exp': 1733076637}
********** Token is valid **********
Token is valid for user_id: da5d72fb-4dad-4846-99bf-6c9e6c618821
************************************
Forwarding request to: http://usermanagementc:8000/users/username/
Request successful: http://usermanagementc:8000/users/username/
User-ID: da5d72fb-4dad-4846-99bf-6c9e6c618821
Token: eyJhbGciOiJIUzI1NiIsInR5cCI6IkpXVCJ9.eyJ1c2VybmFtZSI6ImFlcmRvZ2EzMTIiLCJ1c2VyX2lkIjoiZGE1ZDcyZmItNGRhZC00ODQ2LTk5YmYtNmM5ZTZjNjE4ODIxIiwiZXhwIjoxNzMzMDc2NjM3fQ.KU1xO8tB-sttEU5edyC7kdeDaI8TFl1YnMRMs2vupis
Decoded Token: {'username': 'aerdoga312', 'user_id': 'da5d72fb-4dad-4846-99bf-6c9e6c618821', 'exp': 1733076637}
********** Token is valid **********
Token is valid for user_id: da5d72fb-4dad-4846-99bf-6c9e6c618821
************************************
Forwarding request to: http://usermanagementc:8000/users/list/
Request successful: http://usermanagementc:8000/users/list/
User-ID: da5d72fb-4dad-4846-99bf-6c9e6c618821
Token: eyJhbGciOiJIUzI1NiIsInR5cCI6IkpXVCJ9.eyJ1c2VybmFtZSI6ImFlcmRvZ2EzMTIiLCJ1c2VyX2lkIjoiZGE1ZDcyZmItNGRhZC00ODQ2LTk5YmYtNmM5ZTZjNjE4ODIxIiwiZXhwIjoxNzMzMDc2NjM3fQ.KU1xO8tB-sttEU5edyC7kdeDaI8TFl1YnMRMs2vupis
Decoded Token: {'username': 'aerdoga312', 'user_id': 'da5d72fb-4dad-4846-99bf-6c9e6c618821', 'exp': 1733076637}
********** Token is valid **********
Token is valid for user_id: da5d72fb-4dad-4846-99bf-6c9e6c618821
************************************
Forwarding request to: http://friend_service:8002/friend/friend-list/
Request successful: http://friend_service:8002/friend/friend-list/
User-ID: da5d72fb-4dad-4846-99bf-6c9e6c618821
Token: eyJhbGciOiJIUzI1NiIsInR5cCI6IkpXVCJ9.eyJ1c2VybmFtZSI6ImFlcmRvZ2EzMTIiLCJ1c2VyX2lkIjoiZGE1ZDcyZmItNGRhZC00ODQ2LTk5YmYtNmM5ZTZjNjE4ODIxIiwiZXhwIjoxNzMzMDc2NjM3fQ.KU1xO8tB-sttEU5edyC7kdeDaI8TFl1YnMRMs2vupis
Decoded Token: {'username': 'aerdoga312', 'user_id': 'da5d72fb-4dad-4846-99bf-6c9e6c618821', 'exp': 1733076637}
********** Token is valid **********
Token is valid for user_id: da5d72fb-4dad-4846-99bf-6c9e6c618821
************************************
Forwarding request to: http://game_service:8001/game/list/
Request successful: http://game_service:8001/game/list/
User-ID: da5d72fb-4dad-4846-99bf-6c9e6c618821
Token: eyJhbGciOiJIUzI1NiIsInR5cCI6IkpXVCJ9.eyJ1c2VybmFtZSI6ImFlcmRvZ2EzMTIiLCJ1c2VyX2lkIjoiZGE1ZDcyZmItNGRhZC00ODQ2LTk5YmYtNmM5ZTZjNjE4ODIxIiwiZXhwIjoxNzMzMDc2NjM3fQ.KU1xO8tB-sttEU5edyC7kdeDaI8TFl1YnMRMs2vupis
Decoded Token: {'username': 'aerdoga312', 'user_id': 'da5d72fb-4dad-4846-99bf-6c9e6c618821', 'exp': 1733076637}
********** Token is valid **********
Token is valid for user_id: da5d72fb-4dad-4846-99bf-6c9e6c618821
************************************
Forwarding request to: http://usermanagementc:8000/users/beonline/
Request successful: http://usermanagementc:8000/users/beonline/
User-ID: da5d72fb-4dad-4846-99bf-6c9e6c618821
Token: eyJhbGciOiJIUzI1NiIsInR5cCI6IkpXVCJ9.eyJ1c2VybmFtZSI6ImFlcmRvZ2EzMTIiLCJ1c2VyX2lkIjoiZGE1ZDcyZmItNGRhZC00ODQ2LTk5YmYtNmM5ZTZjNjE4ODIxIiwiZXhwIjoxNzMzMDc2NjM3fQ.KU1xO8tB-sttEU5edyC7kdeDaI8TFl1YnMRMs2vupis
Decoded Token: {'username': 'aerdoga312', 'user_id': 'da5d72fb-4dad-4846-99bf-6c9e6c618821', 'exp': 1733076637}
********** Token is valid **********
Token is valid for user_id: da5d72fb-4dad-4846-99bf-6c9e6c618821
************************************
Forwarding request to: http://usermanagementc:8000/users/logout/
Request successful: http://usermanagementc:8000/users/logout/
Forwarding request to: http://usermanagementc:8000/users/oauth_callback/
Request successful: http://usermanagementc:8000/users/oauth_callback/
Forwarding request to: http://usermanagementc:8000/users/oauth_callback/
Request successful: http://usermanagementc:8000/users/oauth_callback/
User-ID: 44d863e4-197d-49e9-bcd7-c3fea6275ceb
Token: eyJhbGciOiJIUzI1NiIsInR5cCI6IkpXVCJ9.eyJ1c2VybmFtZSI6ImVvemR1ciIsInVzZXJfaWQiOiI0NGQ4NjNlNC0xOTdkLTQ5ZTktYmNkNy1jM2ZlYTYyNzVjZWIiLCJpc18yZmFfdmFsaWRhdGVkIjpmYWxzZSwiZXhwIjoxNzMzMDc3MzQ0fQ.AKfEdduvqtKnAKkRi9V3wxrKgmzY21TuBKCsE91fozg
Decoded Token: {'username': 'eozdur', 'user_id': '44d863e4-197d-49e9-bcd7-c3fea6275ceb', 'is_2fa_validated': False, 'exp': 1733077344}
********** Token is valid **********
Token is valid for user_id: 44d863e4-197d-49e9-bcd7-c3fea6275ceb
************************************
Forwarding request to: http://usermanagementc:8000/users/username/
Request successful: http://usermanagementc:8000/users/username/
User-ID: 44d863e4-197d-49e9-bcd7-c3fea6275ceb
Token: eyJhbGciOiJIUzI1NiIsInR5cCI6IkpXVCJ9.eyJ1c2VybmFtZSI6ImVvemR1ciIsInVzZXJfaWQiOiI0NGQ4NjNlNC0xOTdkLTQ5ZTktYmNkNy1jM2ZlYTYyNzVjZWIiLCJpc18yZmFfdmFsaWRhdGVkIjpmYWxzZSwiZXhwIjoxNzMzMDc3MzQ0fQ.AKfEdduvqtKnAKkRi9V3wxrKgmzY21TuBKCsE91fozg
Decoded Token: {'username': 'eozdur', 'user_id': '44d863e4-197d-49e9-bcd7-c3fea6275ceb', 'is_2fa_validated': False, 'exp': 1733077344}
********** Token is valid **********
Token is valid for user_id: 44d863e4-197d-49e9-bcd7-c3fea6275ceb
************************************
Forwarding request to: http://usermanagementc:8000/users/username/
Request successful: http://usermanagementc:8000/users/username/
User-ID: 44d863e4-197d-49e9-bcd7-c3fea6275ceb
Token: eyJhbGciOiJIUzI1NiIsInR5cCI6IkpXVCJ9.eyJ1c2VybmFtZSI6ImVvemR1ciIsInVzZXJfaWQiOiI0NGQ4NjNlNC0xOTdkLTQ5ZTktYmNkNy1jM2ZlYTYyNzVjZWIiLCJpc18yZmFfdmFsaWRhdGVkIjpmYWxzZSwiZXhwIjoxNzMzMDc3MzQ0fQ.AKfEdduvqtKnAKkRi9V3wxrKgmzY21TuBKCsE91fozg
Decoded Token: {'username': 'eozdur', 'user_id': '44d863e4-197d-49e9-bcd7-c3fea6275ceb', 'is_2fa_validated': False, 'exp': 1733077344}
********** Token is valid **********
Token is valid for user_id: 44d863e4-197d-49e9-bcd7-c3fea6275ceb
************************************
Forwarding request to: http://usermanagementc:8000/users/list/
Request successful: http://usermanagementc:8000/users/list/
User-ID: 44d863e4-197d-49e9-bcd7-c3fea6275ceb
Token: eyJhbGciOiJIUzI1NiIsInR5cCI6IkpXVCJ9.eyJ1c2VybmFtZSI6ImVvemR1ciIsInVzZXJfaWQiOiI0NGQ4NjNlNC0xOTdkLTQ5ZTktYmNkNy1jM2ZlYTYyNzVjZWIiLCJpc18yZmFfdmFsaWRhdGVkIjpmYWxzZSwiZXhwIjoxNzMzMDc3MzQ0fQ.AKfEdduvqtKnAKkRi9V3wxrKgmzY21TuBKCsE91fozg
Decoded Token: {'username': 'eozdur', 'user_id': '44d863e4-197d-49e9-bcd7-c3fea6275ceb', 'is_2fa_validated': False, 'exp': 1733077344}
********** Token is valid **********
Token is valid for user_id: 44d863e4-197d-49e9-bcd7-c3fea6275ceb
************************************
Forwarding request to: http://friend_service:8002/friend/friend-list/
Request successful: http://friend_service:8002/friend/friend-list/
User-ID: 44d863e4-197d-49e9-bcd7-c3fea6275ceb
Token: eyJhbGciOiJIUzI1NiIsInR5cCI6IkpXVCJ9.eyJ1c2VybmFtZSI6ImVvemR1ciIsInVzZXJfaWQiOiI0NGQ4NjNlNC0xOTdkLTQ5ZTktYmNkNy1jM2ZlYTYyNzVjZWIiLCJpc18yZmFfdmFsaWRhdGVkIjpmYWxzZSwiZXhwIjoxNzMzMDc3MzQ0fQ.AKfEdduvqtKnAKkRi9V3wxrKgmzY21TuBKCsE91fozg
Decoded Token: {'username': 'eozdur', 'user_id': '44d863e4-197d-49e9-bcd7-c3fea6275ceb', 'is_2fa_validated': False, 'exp': 1733077344}
********** Token is valid **********
Token is valid for user_id: 44d863e4-197d-49e9-bcd7-c3fea6275ceb
************************************
Forwarding request to: http://game_service:8001/game/list/
Request successful: http://game_service:8001/game/list/
User-ID: 44d863e4-197d-49e9-bcd7-c3fea6275ceb
Token: eyJhbGciOiJIUzI1NiIsInR5cCI6IkpXVCJ9.eyJ1c2VybmFtZSI6ImVvemR1ciIsInVzZXJfaWQiOiI0NGQ4NjNlNC0xOTdkLTQ5ZTktYmNkNy1jM2ZlYTYyNzVjZWIiLCJpc18yZmFfdmFsaWRhdGVkIjpmYWxzZSwiZXhwIjoxNzMzMDc3MzQ0fQ.AKfEdduvqtKnAKkRi9V3wxrKgmzY21TuBKCsE91fozg
Decoded Token: {'username': 'eozdur', 'user_id': '44d863e4-197d-49e9-bcd7-c3fea6275ceb', 'is_2fa_validated': False, 'exp': 1733077344}
********** Token is valid **********
Token is valid for user_id: 44d863e4-197d-49e9-bcd7-c3fea6275ceb
************************************
Forwarding request to: http://usermanagementc:8000/users/beonline/
Request successful: http://usermanagementc:8000/users/beonline/
User-ID: 44d863e4-197d-49e9-bcd7-c3fea6275ceb
Token: eyJhbGciOiJIUzI1NiIsInR5cCI6IkpXVCJ9.eyJ1c2VybmFtZSI6ImVvemR1ciIsInVzZXJfaWQiOiI0NGQ4NjNlNC0xOTdkLTQ5ZTktYmNkNy1jM2ZlYTYyNzVjZWIiLCJpc18yZmFfdmFsaWRhdGVkIjpmYWxzZSwiZXhwIjoxNzMzMDc3MzQ0fQ.AKfEdduvqtKnAKkRi9V3wxrKgmzY21TuBKCsE91fozg
Decoded Token: {'username': 'eozdur', 'user_id': '44d863e4-197d-49e9-bcd7-c3fea6275ceb', 'is_2fa_validated': False, 'exp': 1733077344}
********** Token is valid **********
Token is valid for user_id: 44d863e4-197d-49e9-bcd7-c3fea6275ceb
************************************
Forwarding request to: http://usermanagementc:8000/users/logout/
Request successful: http://usermanagementc:8000/users/logout/
Forwarding request to: http://usermanagementc:8000/users/oauth_callback/
Request successful: http://usermanagementc:8000/users/oauth_callback/
User-ID: 44d863e4-197d-49e9-bcd7-c3fea6275ceb
Token: eyJhbGciOiJIUzI1NiIsInR5cCI6IkpXVCJ9.eyJ1c2VybmFtZSI6ImVvemR1ciIsInVzZXJfaWQiOiI0NGQ4NjNlNC0xOTdkLTQ5ZTktYmNkNy1jM2ZlYTYyNzVjZWIiLCJpc18yZmFfdmFsaWRhdGVkIjpmYWxzZSwiZXhwIjoxNzMzMDc3MzU2fQ.uNtPgBo9LmZp2xabHO7MPNW7h20dl3kgI32E2EpHZgM
Decoded Token: {'username': 'eozdur', 'user_id': '44d863e4-197d-49e9-bcd7-c3fea6275ceb', 'is_2fa_validated': False, 'exp': 1733077356}
********** Token is valid **********
Token is valid for user_id: 44d863e4-197d-49e9-bcd7-c3fea6275ceb
************************************
Forwarding request to: http://usermanagementc:8000/users/username/
User-ID: 44d863e4-197d-49e9-bcd7-c3fea6275ceb
Token: eyJhbGciOiJIUzI1NiIsInR5cCI6IkpXVCJ9.eyJ1c2VybmFtZSI6ImVvemR1ciIsInVzZXJfaWQiOiI0NGQ4NjNlNC0xOTdkLTQ5ZTktYmNkNy1jM2ZlYTYyNzVjZWIiLCJpc18yZmFfdmFsaWRhdGVkIjpmYWxzZSwiZXhwIjoxNzMzMDc3MzU2fQ.uNtPgBo9LmZp2xabHO7MPNW7h20dl3kgI32E2EpHZgM
Decoded Token: {'username': 'eozdur', 'user_id': '44d863e4-197d-49e9-bcd7-c3fea6275ceb', 'is_2fa_validated': False, 'exp': 1733077356}
********** Token is valid **********
Token is valid for user_id: 44d863e4-197d-49e9-bcd7-c3fea6275ceb
************************************
Forwarding request to: http://usermanagementc:8000/users/username/
Request successful: http://usermanagementc:8000/users/username/
Request successful: http://usermanagementc:8000/users/username/
User-ID: 44d863e4-197d-49e9-bcd7-c3fea6275ceb
Token: eyJhbGciOiJIUzI1NiIsInR5cCI6IkpXVCJ9.eyJ1c2VybmFtZSI6ImVvemR1ciIsInVzZXJfaWQiOiI0NGQ4NjNlNC0xOTdkLTQ5ZTktYmNkNy1jM2ZlYTYyNzVjZWIiLCJpc18yZmFfdmFsaWRhdGVkIjpmYWxzZSwiZXhwIjoxNzMzMDc3MzU2fQ.uNtPgBo9LmZp2xabHO7MPNW7h20dl3kgI32E2EpHZgM
Decoded Token: {'username': 'eozdur', 'user_id': '44d863e4-197d-49e9-bcd7-c3fea6275ceb', 'is_2fa_validated': False, 'exp': 1733077356}
********** Token is valid **********
Token is valid for user_id: 44d863e4-197d-49e9-bcd7-c3fea6275ceb
************************************
Forwarding request to: http://usermanagementc:8000/users/username/
Request successful: http://usermanagementc:8000/users/username/
User-ID: 44d863e4-197d-49e9-bcd7-c3fea6275ceb
Token: eyJhbGciOiJIUzI1NiIsInR5cCI6IkpXVCJ9.eyJ1c2VybmFtZSI6ImVvemR1ciIsInVzZXJfaWQiOiI0NGQ4NjNlNC0xOTdkLTQ5ZTktYmNkNy1jM2ZlYTYyNzVjZWIiLCJpc18yZmFfdmFsaWRhdGVkIjpmYWxzZSwiZXhwIjoxNzMzMDc3MzU2fQ.uNtPgBo9LmZp2xabHO7MPNW7h20dl3kgI32E2EpHZgM
Decoded Token: {'username': 'eozdur', 'user_id': '44d863e4-197d-49e9-bcd7-c3fea6275ceb', 'is_2fa_validated': False, 'exp': 1733077356}
********** Token is valid **********
Token is valid for user_id: 44d863e4-197d-49e9-bcd7-c3fea6275ceb
************************************
Forwarding request to: http://usermanagementc:8000/users/list/
Request successful: http://usermanagementc:8000/users/list/
User-ID: 44d863e4-197d-49e9-bcd7-c3fea6275ceb
Token: eyJhbGciOiJIUzI1NiIsInR5cCI6IkpXVCJ9.eyJ1c2VybmFtZSI6ImVvemR1ciIsInVzZXJfaWQiOiI0NGQ4NjNlNC0xOTdkLTQ5ZTktYmNkNy1jM2ZlYTYyNzVjZWIiLCJpc18yZmFfdmFsaWRhdGVkIjpmYWxzZSwiZXhwIjoxNzMzMDc3MzU2fQ.uNtPgBo9LmZp2xabHO7MPNW7h20dl3kgI32E2EpHZgM
Decoded Token: {'username': 'eozdur', 'user_id': '44d863e4-197d-49e9-bcd7-c3fea6275ceb', 'is_2fa_validated': False, 'exp': 1733077356}
********** Token is valid **********
Token is valid for user_id: 44d863e4-197d-49e9-bcd7-c3fea6275ceb
************************************
Forwarding request to: http://friend_service:8002/friend/friend-list/
Request successful: http://friend_service:8002/friend/friend-list/
User-ID: 44d863e4-197d-49e9-bcd7-c3fea6275ceb
Token: eyJhbGciOiJIUzI1NiIsInR5cCI6IkpXVCJ9.eyJ1c2VybmFtZSI6ImVvemR1ciIsInVzZXJfaWQiOiI0NGQ4NjNlNC0xOTdkLTQ5ZTktYmNkNy1jM2ZlYTYyNzVjZWIiLCJpc18yZmFfdmFsaWRhdGVkIjpmYWxzZSwiZXhwIjoxNzMzMDc3MzU2fQ.uNtPgBo9LmZp2xabHO7MPNW7h20dl3kgI32E2EpHZgM
Decoded Token: {'username': 'eozdur', 'user_id': '44d863e4-197d-49e9-bcd7-c3fea6275ceb', 'is_2fa_validated': False, 'exp': 1733077356}
********** Token is valid **********
Token is valid for user_id: 44d863e4-197d-49e9-bcd7-c3fea6275ceb
************************************
Forwarding request to: http://game_service:8001/game/list/
Request successful: http://game_service:8001/game/list/
User-ID: 44d863e4-197d-49e9-bcd7-c3fea6275ceb
Token: eyJhbGciOiJIUzI1NiIsInR5cCI6IkpXVCJ9.eyJ1c2VybmFtZSI6ImVvemR1ciIsInVzZXJfaWQiOiI0NGQ4NjNlNC0xOTdkLTQ5ZTktYmNkNy1jM2ZlYTYyNzVjZWIiLCJpc18yZmFfdmFsaWRhdGVkIjpmYWxzZSwiZXhwIjoxNzMzMDc3MzU2fQ.uNtPgBo9LmZp2xabHO7MPNW7h20dl3kgI32E2EpHZgM
Decoded Token: {'username': 'eozdur', 'user_id': '44d863e4-197d-49e9-bcd7-c3fea6275ceb', 'is_2fa_validated': False, 'exp': 1733077356}
********** Token is valid **********
Token is valid for user_id: 44d863e4-197d-49e9-bcd7-c3fea6275ceb
************************************
Forwarding request to: http://usermanagementc:8000/users/beonline/
Request successful: http://usermanagementc:8000/users/beonline/
User-ID: 44d863e4-197d-49e9-bcd7-c3fea6275ceb
Token: eyJhbGciOiJIUzI1NiIsInR5cCI6IkpXVCJ9.eyJ1c2VybmFtZSI6ImVvemR1ciIsInVzZXJfaWQiOiI0NGQ4NjNlNC0xOTdkLTQ5ZTktYmNkNy1jM2ZlYTYyNzVjZWIiLCJpc18yZmFfdmFsaWRhdGVkIjpmYWxzZSwiZXhwIjoxNzMzMDc3MzU2fQ.uNtPgBo9LmZp2xabHO7MPNW7h20dl3kgI32E2EpHZgM
Decoded Token: {'username': 'eozdur', 'user_id': '44d863e4-197d-49e9-bcd7-c3fea6275ceb', 'is_2fa_validated': False, 'exp': 1733077356}
********** Token is valid **********
Token is valid for user_id: 44d863e4-197d-49e9-bcd7-c3fea6275ceb
************************************
Forwarding request to: http://usermanagementc:8000/users/logout/
Request successful: http://usermanagementc:8000/users/logout/
Forwarding request to: http://usermanagementc:8000/users/oauth_callback/
Request successful: http://usermanagementc:8000/users/oauth_callback/
User-ID: 44d863e4-197d-49e9-bcd7-c3fea6275ceb
Token: eyJhbGciOiJIUzI1NiIsInR5cCI6IkpXVCJ9.eyJ1c2VybmFtZSI6ImVvemR1ciIsInVzZXJfaWQiOiI0NGQ4NjNlNC0xOTdkLTQ5ZTktYmNkNy1jM2ZlYTYyNzVjZWIiLCJpc18yZmFfdmFsaWRhdGVkIjpmYWxzZSwiZXhwIjoxNzMzMDc3Nzk0fQ.dcyTIX4N2hzCV5GQvNeHx_oeLTlDJXsDxA5KasVUpuw
Decoded Token: {'username': 'eozdur', 'user_id': '44d863e4-197d-49e9-bcd7-c3fea6275ceb', 'is_2fa_validated': False, 'exp': 1733077794}
********** Token is valid **********
Token is valid for user_id: 44d863e4-197d-49e9-bcd7-c3fea6275ceb
************************************
Forwarding request to: http://usermanagementc:8000/users/username/
Request successful: http://usermanagementc:8000/users/username/
User-ID: 44d863e4-197d-49e9-bcd7-c3fea6275ceb
Token: eyJhbGciOiJIUzI1NiIsInR5cCI6IkpXVCJ9.eyJ1c2VybmFtZSI6ImVvemR1ciIsInVzZXJfaWQiOiI0NGQ4NjNlNC0xOTdkLTQ5ZTktYmNkNy1jM2ZlYTYyNzVjZWIiLCJpc18yZmFfdmFsaWRhdGVkIjpmYWxzZSwiZXhwIjoxNzMzMDc3Nzk0fQ.dcyTIX4N2hzCV5GQvNeHx_oeLTlDJXsDxA5KasVUpuw
Decoded Token: {'username': 'eozdur', 'user_id': '44d863e4-197d-49e9-bcd7-c3fea6275ceb', 'is_2fa_validated': False, 'exp': 1733077794}
********** Token is valid **********
Token is valid for user_id: 44d863e4-197d-49e9-bcd7-c3fea6275ceb
************************************
Forwarding request to: http://usermanagementc:8000/users/username/
Request successful: http://usermanagementc:8000/users/username/
User-ID: 44d863e4-197d-49e9-bcd7-c3fea6275ceb
Token: eyJhbGciOiJIUzI1NiIsInR5cCI6IkpXVCJ9.eyJ1c2VybmFtZSI6ImVvemR1ciIsInVzZXJfaWQiOiI0NGQ4NjNlNC0xOTdkLTQ5ZTktYmNkNy1jM2ZlYTYyNzVjZWIiLCJpc18yZmFfdmFsaWRhdGVkIjpmYWxzZSwiZXhwIjoxNzMzMDc3Nzk0fQ.dcyTIX4N2hzCV5GQvNeHx_oeLTlDJXsDxA5KasVUpuw
Decoded Token: {'username': 'eozdur', 'user_id': '44d863e4-197d-49e9-bcd7-c3fea6275ceb', 'is_2fa_validated': False, 'exp': 1733077794}
********** Token is valid **********
Token is valid for user_id: 44d863e4-197d-49e9-bcd7-c3fea6275ceb
************************************
Forwarding request to: http://usermanagementc:8000/users/list/
Request successful: http://usermanagementc:8000/users/list/
User-ID: 44d863e4-197d-49e9-bcd7-c3fea6275ceb
Token: eyJhbGciOiJIUzI1NiIsInR5cCI6IkpXVCJ9.eyJ1c2VybmFtZSI6ImVvemR1ciIsInVzZXJfaWQiOiI0NGQ4NjNlNC0xOTdkLTQ5ZTktYmNkNy1jM2ZlYTYyNzVjZWIiLCJpc18yZmFfdmFsaWRhdGVkIjpmYWxzZSwiZXhwIjoxNzMzMDc3Nzk0fQ.dcyTIX4N2hzCV5GQvNeHx_oeLTlDJXsDxA5KasVUpuw
Decoded Token: {'username': 'eozdur', 'user_id': '44d863e4-197d-49e9-bcd7-c3fea6275ceb', 'is_2fa_validated': False, 'exp': 1733077794}
********** Token is valid **********
Token is valid for user_id: 44d863e4-197d-49e9-bcd7-c3fea6275ceb
************************************
Forwarding request to: http://friend_service:8002/friend/friend-list/
Request successful: http://friend_service:8002/friend/friend-list/
User-ID: 44d863e4-197d-49e9-bcd7-c3fea6275ceb
Token: eyJhbGciOiJIUzI1NiIsInR5cCI6IkpXVCJ9.eyJ1c2VybmFtZSI6ImVvemR1ciIsInVzZXJfaWQiOiI0NGQ4NjNlNC0xOTdkLTQ5ZTktYmNkNy1jM2ZlYTYyNzVjZWIiLCJpc18yZmFfdmFsaWRhdGVkIjpmYWxzZSwiZXhwIjoxNzMzMDc3Nzk0fQ.dcyTIX4N2hzCV5GQvNeHx_oeLTlDJXsDxA5KasVUpuw
Decoded Token: {'username': 'eozdur', 'user_id': '44d863e4-197d-49e9-bcd7-c3fea6275ceb', 'is_2fa_validated': False, 'exp': 1733077794}
********** Token is valid **********
Token is valid for user_id: 44d863e4-197d-49e9-bcd7-c3fea6275ceb
************************************
Forwarding request to: http://game_service:8001/game/list/
Request successful: http://game_service:8001/game/list/
User-ID: 44d863e4-197d-49e9-bcd7-c3fea6275ceb
Token: eyJhbGciOiJIUzI1NiIsInR5cCI6IkpXVCJ9.eyJ1c2VybmFtZSI6ImVvemR1ciIsInVzZXJfaWQiOiI0NGQ4NjNlNC0xOTdkLTQ5ZTktYmNkNy1jM2ZlYTYyNzVjZWIiLCJpc18yZmFfdmFsaWRhdGVkIjpmYWxzZSwiZXhwIjoxNzMzMDc3Nzk0fQ.dcyTIX4N2hzCV5GQvNeHx_oeLTlDJXsDxA5KasVUpuw
Decoded Token: {'username': 'eozdur', 'user_id': '44d863e4-197d-49e9-bcd7-c3fea6275ceb', 'is_2fa_validated': False, 'exp': 1733077794}
********** Token is valid **********
Token is valid for user_id: 44d863e4-197d-49e9-bcd7-c3fea6275ceb
************************************
Forwarding request to: http://usermanagementc:8000/users/beonline/
Request successful: http://usermanagementc:8000/users/beonline/
User-ID: 44d863e4-197d-49e9-bcd7-c3fea6275ceb
Token: eyJhbGciOiJIUzI1NiIsInR5cCI6IkpXVCJ9.eyJ1c2VybmFtZSI6ImVvemR1ciIsInVzZXJfaWQiOiI0NGQ4NjNlNC0xOTdkLTQ5ZTktYmNkNy1jM2ZlYTYyNzVjZWIiLCJpc18yZmFfdmFsaWRhdGVkIjpmYWxzZSwiZXhwIjoxNzMzMDc3Nzk0fQ.dcyTIX4N2hzCV5GQvNeHx_oeLTlDJXsDxA5KasVUpuw
Decoded Token: {'username': 'eozdur', 'user_id': '44d863e4-197d-49e9-bcd7-c3fea6275ceb', 'is_2fa_validated': False, 'exp': 1733077794}
********** Token is valid **********
Token is valid for user_id: 44d863e4-197d-49e9-bcd7-c3fea6275ceb
************************************
Forwarding request to: http://usermanagementc:8000/users/logout/
Request successful: http://usermanagementc:8000/users/logout/
User-ID: 44d863e4-197d-49e9-bcd7-c3fea6275ceb
Token: eyJhbGciOiJIUzI1NiIsInR5cCI6IkpXVCJ9.eyJ1c2VybmFtZSI6ImVvemR1ciIsInVzZXJfaWQiOiI0NGQ4NjNlNC0xOTdkLTQ5ZTktYmNkNy1jM2ZlYTYyNzVjZWIiLCJpc18yZmFfdmFsaWRhdGVkIjpmYWxzZSwiZXhwIjoxNzMzMDc3Nzk0fQ.dcyTIX4N2hzCV5GQvNeHx_oeLTlDJXsDxA5KasVUpuw
Decoded Token: {'username': 'eozdur', 'user_id': '44d863e4-197d-49e9-bcd7-c3fea6275ceb', 'is_2fa_validated': False, 'exp': 1733077794}
********** Token is valid **********
Token is valid for user_id: 44d863e4-197d-49e9-bcd7-c3fea6275ceb
************************************
Forwarding request to: http://usermanagementc:8000/users/username/
Request successful: http://usermanagementc:8000/users/username/
User-ID: 44d863e4-197d-49e9-bcd7-c3fea6275ceb
Token: eyJhbGciOiJIUzI1NiIsInR5cCI6IkpXVCJ9.eyJ1c2VybmFtZSI6ImVvemR1ciIsInVzZXJfaWQiOiI0NGQ4NjNlNC0xOTdkLTQ5ZTktYmNkNy1jM2ZlYTYyNzVjZWIiLCJpc18yZmFfdmFsaWRhdGVkIjpmYWxzZSwiZXhwIjoxNzMzMDc3Nzk0fQ.dcyTIX4N2hzCV5GQvNeHx_oeLTlDJXsDxA5KasVUpuw
Decoded Token: {'username': 'eozdur', 'user_id': '44d863e4-197d-49e9-bcd7-c3fea6275ceb', 'is_2fa_validated': False, 'exp': 1733077794}
********** Token is valid **********
Token is valid for user_id: 44d863e4-197d-49e9-bcd7-c3fea6275ceb
************************************
Forwarding request to: http://usermanagementc:8000/users/username/
Request successful: http://usermanagementc:8000/users/username/
User-ID: 44d863e4-197d-49e9-bcd7-c3fea6275ceb
Token: eyJhbGciOiJIUzI1NiIsInR5cCI6IkpXVCJ9.eyJ1c2VybmFtZSI6ImVvemR1ciIsInVzZXJfaWQiOiI0NGQ4NjNlNC0xOTdkLTQ5ZTktYmNkNy1jM2ZlYTYyNzVjZWIiLCJpc18yZmFfdmFsaWRhdGVkIjpmYWxzZSwiZXhwIjoxNzMzMDc3Nzk0fQ.dcyTIX4N2hzCV5GQvNeHx_oeLTlDJXsDxA5KasVUpuw
Decoded Token: {'username': 'eozdur', 'user_id': '44d863e4-197d-49e9-bcd7-c3fea6275ceb', 'is_2fa_validated': False, 'exp': 1733077794}
********** Token is valid **********
Token is valid for user_id: 44d863e4-197d-49e9-bcd7-c3fea6275ceb
************************************
Forwarding request to: http://usermanagementc:8000/users/list/
Request successful: http://usermanagementc:8000/users/list/
User-ID: 44d863e4-197d-49e9-bcd7-c3fea6275ceb
Token: eyJhbGciOiJIUzI1NiIsInR5cCI6IkpXVCJ9.eyJ1c2VybmFtZSI6ImVvemR1ciIsInVzZXJfaWQiOiI0NGQ4NjNlNC0xOTdkLTQ5ZTktYmNkNy1jM2ZlYTYyNzVjZWIiLCJpc18yZmFfdmFsaWRhdGVkIjpmYWxzZSwiZXhwIjoxNzMzMDc3Nzk0fQ.dcyTIX4N2hzCV5GQvNeHx_oeLTlDJXsDxA5KasVUpuw
Decoded Token: {'username': 'eozdur', 'user_id': '44d863e4-197d-49e9-bcd7-c3fea6275ceb', 'is_2fa_validated': False, 'exp': 1733077794}
********** Token is valid **********
Token is valid for user_id: 44d863e4-197d-49e9-bcd7-c3fea6275ceb
************************************
Forwarding request to: http://friend_service:8002/friend/friend-list/
Request successful: http://friend_service:8002/friend/friend-list/
User-ID: 44d863e4-197d-49e9-bcd7-c3fea6275ceb
Token: eyJhbGciOiJIUzI1NiIsInR5cCI6IkpXVCJ9.eyJ1c2VybmFtZSI6ImVvemR1ciIsInVzZXJfaWQiOiI0NGQ4NjNlNC0xOTdkLTQ5ZTktYmNkNy1jM2ZlYTYyNzVjZWIiLCJpc18yZmFfdmFsaWRhdGVkIjpmYWxzZSwiZXhwIjoxNzMzMDc3Nzk0fQ.dcyTIX4N2hzCV5GQvNeHx_oeLTlDJXsDxA5KasVUpuw
Decoded Token: {'username': 'eozdur', 'user_id': '44d863e4-197d-49e9-bcd7-c3fea6275ceb', 'is_2fa_validated': False, 'exp': 1733077794}
********** Token is valid **********
Token is valid for user_id: 44d863e4-197d-49e9-bcd7-c3fea6275ceb
************************************
Forwarding request to: http://game_service:8001/game/list/
Request successful: http://game_service:8001/game/list/
User-ID: 44d863e4-197d-49e9-bcd7-c3fea6275ceb
Token: eyJhbGciOiJIUzI1NiIsInR5cCI6IkpXVCJ9.eyJ1c2VybmFtZSI6ImVvemR1ciIsInVzZXJfaWQiOiI0NGQ4NjNlNC0xOTdkLTQ5ZTktYmNkNy1jM2ZlYTYyNzVjZWIiLCJpc18yZmFfdmFsaWRhdGVkIjpmYWxzZSwiZXhwIjoxNzMzMDc3Nzk0fQ.dcyTIX4N2hzCV5GQvNeHx_oeLTlDJXsDxA5KasVUpuw
Decoded Token: {'username': 'eozdur', 'user_id': '44d863e4-197d-49e9-bcd7-c3fea6275ceb', 'is_2fa_validated': False, 'exp': 1733077794}
********** Token is valid **********
Token is valid for user_id: 44d863e4-197d-49e9-bcd7-c3fea6275ceb
************************************
Forwarding request to: http://usermanagementc:8000/users/beonline/
Request successful: http://usermanagementc:8000/users/beonline/
User-ID: 44d863e4-197d-49e9-bcd7-c3fea6275ceb
Token: eyJhbGciOiJIUzI1NiIsInR5cCI6IkpXVCJ9.eyJ1c2VybmFtZSI6ImVvemR1ciIsInVzZXJfaWQiOiI0NGQ4NjNlNC0xOTdkLTQ5ZTktYmNkNy1jM2ZlYTYyNzVjZWIiLCJpc18yZmFfdmFsaWRhdGVkIjpmYWxzZSwiZXhwIjoxNzMzMDc3Nzk0fQ.dcyTIX4N2hzCV5GQvNeHx_oeLTlDJXsDxA5KasVUpuw
Decoded Token: {'username': 'eozdur', 'user_id': '44d863e4-197d-49e9-bcd7-c3fea6275ceb', 'is_2fa_validated': False, 'exp': 1733077794}
********** Token is valid **********
Token is valid for user_id: 44d863e4-197d-49e9-bcd7-c3fea6275ceb
************************************
Forwarding request to: http://usermanagementc:8000/users/logout/
Request successful: http://usermanagementc:8000/users/logout/
User-ID: 44d863e4-197d-49e9-bcd7-c3fea6275ceb
Token: eyJhbGciOiJIUzI1NiIsInR5cCI6IkpXVCJ9.eyJ1c2VybmFtZSI6ImVvemR1ciIsInVzZXJfaWQiOiI0NGQ4NjNlNC0xOTdkLTQ5ZTktYmNkNy1jM2ZlYTYyNzVjZWIiLCJpc18yZmFfdmFsaWRhdGVkIjpmYWxzZSwiZXhwIjoxNzMzMDc3Nzk0fQ.dcyTIX4N2hzCV5GQvNeHx_oeLTlDJXsDxA5KasVUpuw
Decoded Token: {'username': 'eozdur', 'user_id': '44d863e4-197d-49e9-bcd7-c3fea6275ceb', 'is_2fa_validated': False, 'exp': 1733077794}
********** Token is valid **********
Token is valid for user_id: 44d863e4-197d-49e9-bcd7-c3fea6275ceb
************************************
Forwarding request to: http://usermanagementc:8000/users/username/
Request successful: http://usermanagementc:8000/users/username/
User-ID: 44d863e4-197d-49e9-bcd7-c3fea6275ceb
Token: eyJhbGciOiJIUzI1NiIsInR5cCI6IkpXVCJ9.eyJ1c2VybmFtZSI6ImVvemR1ciIsInVzZXJfaWQiOiI0NGQ4NjNlNC0xOTdkLTQ5ZTktYmNkNy1jM2ZlYTYyNzVjZWIiLCJpc18yZmFfdmFsaWRhdGVkIjpmYWxzZSwiZXhwIjoxNzMzMDc3Nzk0fQ.dcyTIX4N2hzCV5GQvNeHx_oeLTlDJXsDxA5KasVUpuw
Decoded Token: {'username': 'eozdur', 'user_id': '44d863e4-197d-49e9-bcd7-c3fea6275ceb', 'is_2fa_validated': False, 'exp': 1733077794}
********** Token is valid **********
Token is valid for user_id: 44d863e4-197d-49e9-bcd7-c3fea6275ceb
************************************
Forwarding request to: http://usermanagementc:8000/users/username/
Request successful: http://usermanagementc:8000/users/username/
User-ID: 44d863e4-197d-49e9-bcd7-c3fea6275ceb
Token: eyJhbGciOiJIUzI1NiIsInR5cCI6IkpXVCJ9.eyJ1c2VybmFtZSI6ImVvemR1ciIsInVzZXJfaWQiOiI0NGQ4NjNlNC0xOTdkLTQ5ZTktYmNkNy1jM2ZlYTYyNzVjZWIiLCJpc18yZmFfdmFsaWRhdGVkIjpmYWxzZSwiZXhwIjoxNzMzMDc3Nzk0fQ.dcyTIX4N2hzCV5GQvNeHx_oeLTlDJXsDxA5KasVUpuw
Decoded Token: {'username': 'eozdur', 'user_id': '44d863e4-197d-49e9-bcd7-c3fea6275ceb', 'is_2fa_validated': False, 'exp': 1733077794}
********** Token is valid **********
Token is valid for user_id: 44d863e4-197d-49e9-bcd7-c3fea6275ceb
************************************
Forwarding request to: http://usermanagementc:8000/users/list/
Request successful: http://usermanagementc:8000/users/list/
User-ID: 44d863e4-197d-49e9-bcd7-c3fea6275ceb
Token: eyJhbGciOiJIUzI1NiIsInR5cCI6IkpXVCJ9.eyJ1c2VybmFtZSI6ImVvemR1ciIsInVzZXJfaWQiOiI0NGQ4NjNlNC0xOTdkLTQ5ZTktYmNkNy1jM2ZlYTYyNzVjZWIiLCJpc18yZmFfdmFsaWRhdGVkIjpmYWxzZSwiZXhwIjoxNzMzMDc3Nzk0fQ.dcyTIX4N2hzCV5GQvNeHx_oeLTlDJXsDxA5KasVUpuw
Decoded Token: {'username': 'eozdur', 'user_id': '44d863e4-197d-49e9-bcd7-c3fea6275ceb', 'is_2fa_validated': False, 'exp': 1733077794}
********** Token is valid **********
Token is valid for user_id: 44d863e4-197d-49e9-bcd7-c3fea6275ceb
************************************
Forwarding request to: http://friend_service:8002/friend/friend-list/
Request successful: http://friend_service:8002/friend/friend-list/
User-ID: 44d863e4-197d-49e9-bcd7-c3fea6275ceb
Token: eyJhbGciOiJIUzI1NiIsInR5cCI6IkpXVCJ9.eyJ1c2VybmFtZSI6ImVvemR1ciIsInVzZXJfaWQiOiI0NGQ4NjNlNC0xOTdkLTQ5ZTktYmNkNy1jM2ZlYTYyNzVjZWIiLCJpc18yZmFfdmFsaWRhdGVkIjpmYWxzZSwiZXhwIjoxNzMzMDc3Nzk0fQ.dcyTIX4N2hzCV5GQvNeHx_oeLTlDJXsDxA5KasVUpuw
Decoded Token: {'username': 'eozdur', 'user_id': '44d863e4-197d-49e9-bcd7-c3fea6275ceb', 'is_2fa_validated': False, 'exp': 1733077794}
********** Token is valid **********
Token is valid for user_id: 44d863e4-197d-49e9-bcd7-c3fea6275ceb
************************************
Forwarding request to: http://game_service:8001/game/list/
Request successful: http://game_service:8001/game/list/
User-ID: 44d863e4-197d-49e9-bcd7-c3fea6275ceb
Token: eyJhbGciOiJIUzI1NiIsInR5cCI6IkpXVCJ9.eyJ1c2VybmFtZSI6ImVvemR1ciIsInVzZXJfaWQiOiI0NGQ4NjNlNC0xOTdkLTQ5ZTktYmNkNy1jM2ZlYTYyNzVjZWIiLCJpc18yZmFfdmFsaWRhdGVkIjpmYWxzZSwiZXhwIjoxNzMzMDc3Nzk0fQ.dcyTIX4N2hzCV5GQvNeHx_oeLTlDJXsDxA5KasVUpuw
Decoded Token: {'username': 'eozdur', 'user_id': '44d863e4-197d-49e9-bcd7-c3fea6275ceb', 'is_2fa_validated': False, 'exp': 1733077794}
********** Token is valid **********
Token is valid for user_id: 44d863e4-197d-49e9-bcd7-c3fea6275ceb
************************************
Forwarding request to: http://usermanagementc:8000/users/beonline/
Request successful: http://usermanagementc:8000/users/beonline/
User-ID: 44d863e4-197d-49e9-bcd7-c3fea6275ceb
Token: eyJhbGciOiJIUzI1NiIsInR5cCI6IkpXVCJ9.eyJ1c2VybmFtZSI6ImVvemR1ciIsInVzZXJfaWQiOiI0NGQ4NjNlNC0xOTdkLTQ5ZTktYmNkNy1jM2ZlYTYyNzVjZWIiLCJpc18yZmFfdmFsaWRhdGVkIjpmYWxzZSwiZXhwIjoxNzMzMDc3Nzk0fQ.dcyTIX4N2hzCV5GQvNeHx_oeLTlDJXsDxA5KasVUpuw
Decoded Token: {'username': 'eozdur', 'user_id': '44d863e4-197d-49e9-bcd7-c3fea6275ceb', 'is_2fa_validated': False, 'exp': 1733077794}
********** Token is valid **********
Token is valid for user_id: 44d863e4-197d-49e9-bcd7-c3fea6275ceb
************************************
Forwarding request to: http://usermanagementc:8000/users/username/
Request successful: http://usermanagementc:8000/users/username/
User-ID: 44d863e4-197d-49e9-bcd7-c3fea6275ceb
Token: eyJhbGciOiJIUzI1NiIsInR5cCI6IkpXVCJ9.eyJ1c2VybmFtZSI6ImVvemR1ciIsInVzZXJfaWQiOiI0NGQ4NjNlNC0xOTdkLTQ5ZTktYmNkNy1jM2ZlYTYyNzVjZWIiLCJpc18yZmFfdmFsaWRhdGVkIjpmYWxzZSwiZXhwIjoxNzMzMDc3Nzk0fQ.dcyTIX4N2hzCV5GQvNeHx_oeLTlDJXsDxA5KasVUpuw
Decoded Token: {'username': 'eozdur', 'user_id': '44d863e4-197d-49e9-bcd7-c3fea6275ceb', 'is_2fa_validated': False, 'exp': 1733077794}
********** Token is valid **********
Token is valid for user_id: 44d863e4-197d-49e9-bcd7-c3fea6275ceb
************************************
Forwarding request to: http://usermanagementc:8000/users/list/
Request successful: http://usermanagementc:8000/users/list/
User-ID: 44d863e4-197d-49e9-bcd7-c3fea6275ceb
Token: eyJhbGciOiJIUzI1NiIsInR5cCI6IkpXVCJ9.eyJ1c2VybmFtZSI6ImVvemR1ciIsInVzZXJfaWQiOiI0NGQ4NjNlNC0xOTdkLTQ5ZTktYmNkNy1jM2ZlYTYyNzVjZWIiLCJpc18yZmFfdmFsaWRhdGVkIjpmYWxzZSwiZXhwIjoxNzMzMDc3Nzk0fQ.dcyTIX4N2hzCV5GQvNeHx_oeLTlDJXsDxA5KasVUpuw
Decoded Token: {'username': 'eozdur', 'user_id': '44d863e4-197d-49e9-bcd7-c3fea6275ceb', 'is_2fa_validated': False, 'exp': 1733077794}
********** Token is valid **********
Token is valid for user_id: 44d863e4-197d-49e9-bcd7-c3fea6275ceb
************************************
Forwarding request to: http://friend_service:8002/friend/friend-list/
Request successful: http://friend_service:8002/friend/friend-list/
User-ID: 44d863e4-197d-49e9-bcd7-c3fea6275ceb
Token: eyJhbGciOiJIUzI1NiIsInR5cCI6IkpXVCJ9.eyJ1c2VybmFtZSI6ImVvemR1ciIsInVzZXJfaWQiOiI0NGQ4NjNlNC0xOTdkLTQ5ZTktYmNkNy1jM2ZlYTYyNzVjZWIiLCJpc18yZmFfdmFsaWRhdGVkIjpmYWxzZSwiZXhwIjoxNzMzMDc3Nzk0fQ.dcyTIX4N2hzCV5GQvNeHx_oeLTlDJXsDxA5KasVUpuw
Decoded Token: {'username': 'eozdur', 'user_id': '44d863e4-197d-49e9-bcd7-c3fea6275ceb', 'is_2fa_validated': False, 'exp': 1733077794}
********** Token is valid **********
Token is valid for user_id: 44d863e4-197d-49e9-bcd7-c3fea6275ceb
************************************
Forwarding request to: http://game_service:8001/game/list/
Request successful: http://game_service:8001/game/list/
User-ID: 44d863e4-197d-49e9-bcd7-c3fea6275ceb
Token: eyJhbGciOiJIUzI1NiIsInR5cCI6IkpXVCJ9.eyJ1c2VybmFtZSI6ImVvemR1ciIsInVzZXJfaWQiOiI0NGQ4NjNlNC0xOTdkLTQ5ZTktYmNkNy1jM2ZlYTYyNzVjZWIiLCJpc18yZmFfdmFsaWRhdGVkIjpmYWxzZSwiZXhwIjoxNzMzMDc3Nzk0fQ.dcyTIX4N2hzCV5GQvNeHx_oeLTlDJXsDxA5KasVUpuw
Decoded Token: {'username': 'eozdur', 'user_id': '44d863e4-197d-49e9-bcd7-c3fea6275ceb', 'is_2fa_validated': False, 'exp': 1733077794}
User-ID: 44d863e4-197d-49e9-bcd7-c3fea6275ceb
********** Token is valid **********
Token is valid for user_id: 44d863e4-197d-49e9-bcd7-c3fea6275ceb
************************************
Forwarding request to: http://game_service:8001/game/save/
Token: eyJhbGciOiJIUzI1NiIsInR5cCI6IkpXVCJ9.eyJ1c2VybmFtZSI6ImVvemR1ciIsInVzZXJfaWQiOiI0NGQ4NjNlNC0xOTdkLTQ5ZTktYmNkNy1jM2ZlYTYyNzVjZWIiLCJpc18yZmFfdmFsaWRhdGVkIjpmYWxzZSwiZXhwIjoxNzMzMDc3Nzk0fQ.dcyTIX4N2hzCV5GQvNeHx_oeLTlDJXsDxA5KasVUpuw
Decoded Token: {'username': 'eozdur', 'user_id': '44d863e4-197d-49e9-bcd7-c3fea6275ceb', 'is_2fa_validated': False, 'exp': 1733077794}
********** Token is valid **********
Token is valid for user_id: 44d863e4-197d-49e9-bcd7-c3fea6275ceb
************************************
Forwarding request to: http://usermanagementc:8000/users/check_username/
Request successful: http://usermanagementc:8000/users/check_username/
Request successful: http://game_service:8001/game/save/
User-ID: 44d863e4-197d-49e9-bcd7-c3fea6275ceb
Token: eyJhbGciOiJIUzI1NiIsInR5cCI6IkpXVCJ9.eyJ1c2VybmFtZSI6ImVvemR1ciIsInVzZXJfaWQiOiI0NGQ4NjNlNC0xOTdkLTQ5ZTktYmNkNy1jM2ZlYTYyNzVjZWIiLCJpc18yZmFfdmFsaWRhdGVkIjpmYWxzZSwiZXhwIjoxNzMzMDc3Nzk0fQ.dcyTIX4N2hzCV5GQvNeHx_oeLTlDJXsDxA5KasVUpuw
Decoded Token: {'username': 'eozdur', 'user_id': '44d863e4-197d-49e9-bcd7-c3fea6275ceb', 'is_2fa_validated': False, 'exp': 1733077794}
********** Token is valid **********
Token is valid for user_id: 44d863e4-197d-49e9-bcd7-c3fea6275ceb
************************************
Forwarding request to: http://usermanagementc:8000/users/username/
Request successful: http://usermanagementc:8000/users/username/
User-ID: 44d863e4-197d-49e9-bcd7-c3fea6275ceb
Token: eyJhbGciOiJIUzI1NiIsInR5cCI6IkpXVCJ9.eyJ1c2VybmFtZSI6ImVvemR1ciIsInVzZXJfaWQiOiI0NGQ4NjNlNC0xOTdkLTQ5ZTktYmNkNy1jM2ZlYTYyNzVjZWIiLCJpc18yZmFfdmFsaWRhdGVkIjpmYWxzZSwiZXhwIjoxNzMzMDc3Nzk0fQ.dcyTIX4N2hzCV5GQvNeHx_oeLTlDJXsDxA5KasVUpuw
Decoded Token: {'username': 'eozdur', 'user_id': '44d863e4-197d-49e9-bcd7-c3fea6275ceb', 'is_2fa_validated': False, 'exp': 1733077794}
********** Token is valid **********
Token is valid for user_id: 44d863e4-197d-49e9-bcd7-c3fea6275ceb
************************************
Forwarding request to: http://usermanagementc:8000/users/list/
Request successful: http://usermanagementc:8000/users/list/
User-ID: 44d863e4-197d-49e9-bcd7-c3fea6275ceb
Token: eyJhbGciOiJIUzI1NiIsInR5cCI6IkpXVCJ9.eyJ1c2VybmFtZSI6ImVvemR1ciIsInVzZXJfaWQiOiI0NGQ4NjNlNC0xOTdkLTQ5ZTktYmNkNy1jM2ZlYTYyNzVjZWIiLCJpc18yZmFfdmFsaWRhdGVkIjpmYWxzZSwiZXhwIjoxNzMzMDc3Nzk0fQ.dcyTIX4N2hzCV5GQvNeHx_oeLTlDJXsDxA5KasVUpuw
Decoded Token: {'username': 'eozdur', 'user_id': '44d863e4-197d-49e9-bcd7-c3fea6275ceb', 'is_2fa_validated': False, 'exp': 1733077794}
********** Token is valid **********
Token is valid for user_id: 44d863e4-197d-49e9-bcd7-c3fea6275ceb
************************************
Forwarding request to: http://friend_service:8002/friend/friend-list/
Request successful: http://friend_service:8002/friend/friend-list/
User-ID: 44d863e4-197d-49e9-bcd7-c3fea6275ceb
Token: eyJhbGciOiJIUzI1NiIsInR5cCI6IkpXVCJ9.eyJ1c2VybmFtZSI6ImVvemR1ciIsInVzZXJfaWQiOiI0NGQ4NjNlNC0xOTdkLTQ5ZTktYmNkNy1jM2ZlYTYyNzVjZWIiLCJpc18yZmFfdmFsaWRhdGVkIjpmYWxzZSwiZXhwIjoxNzMzMDc3Nzk0fQ.dcyTIX4N2hzCV5GQvNeHx_oeLTlDJXsDxA5KasVUpuw
Decoded Token: {'username': 'eozdur', 'user_id': '44d863e4-197d-49e9-bcd7-c3fea6275ceb', 'is_2fa_validated': False, 'exp': 1733077794}
********** Token is valid **********
Token is valid for user_id: 44d863e4-197d-49e9-bcd7-c3fea6275ceb
************************************
Forwarding request to: http://game_service:8001/game/list/
Request successful: http://game_service:8001/game/list/
